<?xml version="1.0" encoding="UTF-8"?>
<testsuite name="frc.team972.robot.RobotTest" tests="1" skipped="0" failures="0" errors="0" timestamp="2019-01-06T19:30:37" hostname="vals-mbp.lan" time="0.001">
  <properties/>
  <testcase name="test" classname="frc.team972.robot.RobotTest" time="0.001"/>
  <system-out><![CDATA[]]></system-out>
  <system-err><![CDATA[]]></system-err>
</testsuite>
